# JRE version: OpenJDK Runtime Environment (11.0.12+7) (build 11.0.12+7-b1504.28-7817840)
# Java VM: OpenJDK 64-Bit Server VM (11.0.12+7-b1504.28-7817840, mixed mode, tiered, compressed oops, g1 gc, windows-amd64)
Heap:
 garbage-first heap   total 246784K, used 235336K [0x00000000a0000000, 0x0000000100000000)
  region size 1024K, 2 young (2048K), 1 survivors (1024K)
 Metaspace       used 96979K, capacity 100265K, committed 100344K, reserved 1136640K
  class space    used 12675K, capacity 13869K, committed 13900K, reserved 1048576K
GC Heap History (20 events):
Event: 78.901 GC heap before
{Heap before GC invocations=23 (full 0):
 garbage-first heap   total 194560K, used 156378K [0x00000000a0000000, 0x0000000100000000)
  region size 1024K, 60 young (61440K), 7 survivors (7168K)
 Metaspace       used 86975K, capacity 89902K, committed 90232K, reserved 1126400K
  class space    used 11376K, capacity 12389K, committed 12492K, reserved 1048576K
}
Event: 78.929 GC heap after
{Heap after GC invocations=24 (full 0):
 garbage-first heap   total 194560K, used 106085K [0x00000000a0000000, 0x0000000100000000)
  region size 1024K, 7 young (7168K), 7 survivors (7168K)
 Metaspace       used 86975K, capacity 89902K, committed 90232K, reserved 1126400K
  class space    used 11376K, capacity 12389K, committed 12492K, reserved 1048576K
}
Event: 104.602 GC heap before
{Heap before GC invocations=25 (full 0):
 garbage-first heap   total 194560K, used 158309K [0x00000000a0000000, 0x0000000100000000)
  region size 1024K, 59 young (60416K), 7 survivors (7168K)
 Metaspace       used 91655K, capacity 94780K, committed 94968K, reserved 1130496K
  class space    used 11992K, capacity 13101K, committed 13132K, reserved 1048576K
}
Event: 104.630 GC heap after
{Heap after GC invocations=26 (full 0):
 garbage-first heap   total 194560K, used 110252K [0x00000000a0000000, 0x0000000100000000)
  region size 1024K, 7 young (7168K), 7 survivors (7168K)
 Metaspace       used 91655K, capacity 94780K, committed 94968K, reserved 1130496K
  class space    used 11992K, capacity 13101K, committed 13132K, reserved 1048576K
}
Event: 105.288 GC heap before
{Heap before GC invocations=26 (full 0):
 garbage-first heap   total 194560K, used 146092K [0x00000000a0000000, 0x0000000100000000)
  region size 1024K, 44 young (45056K), 7 survivors (7168K)
 Metaspace       used 93247K, capacity 96454K, committed 96504K, reserved 1132544K
  class space    used 12214K, capacity 13362K, committed 13388K, reserved 1048576K
}
Event: 105.312 GC heap after
{Heap after GC invocations=27 (full 0):
 garbage-first heap   total 194560K, used 112440K [0x00000000a0000000, 0x0000000100000000)
  region size 1024K, 3 young (3072K), 3 survivors (3072K)
 Metaspace       used 93247K, capacity 96454K, committed 96504K, reserved 1132544K
  class space    used 12214K, capacity 13362K, committed 13388K, reserved 1048576K
}
Event: 106.514 GC heap before
{Heap before GC invocations=28 (full 0):
 garbage-first heap   total 194560K, used 161592K [0x00000000a0000000, 0x0000000100000000)
  region size 1024K, 50 young (51200K), 3 survivors (3072K)
 Metaspace       used 93963K, capacity 97277K, committed 97400K, reserved 1132544K
  class space    used 12298K, capacity 13442K, committed 13516K, reserved 1048576K
}
Event: 106.533 GC heap after
{Heap after GC invocations=29 (full 0):
 garbage-first heap   total 194560K, used 118039K [0x00000000a0000000, 0x0000000100000000)
  region size 1024K, 7 young (7168K), 7 survivors (7168K)
 Metaspace       used 93963K, capacity 97277K, committed 97400K, reserved 1132544K
  class space    used 12298K, capacity 13442K, committed 13516K, reserved 1048576K
}
Event: 107.948 GC heap before
{Heap before GC invocations=29 (full 0):
 garbage-first heap   total 194560K, used 161047K [0x00000000a0000000, 0x0000000100000000)
  region size 1024K, 50 young (51200K), 7 survivors (7168K)
 Metaspace       used 94084K, capacity 97353K, committed 97656K, reserved 1134592K
  class space    used 12310K, capacity 13464K, committed 13516K, reserved 1048576K
}
Event: 107.995 GC heap after
{Heap after GC invocations=30 (full 0):
 garbage-first heap   total 194560K, used 124426K [0x00000000a0000000, 0x0000000100000000)
  region size 1024K, 7 young (7168K), 7 survivors (7168K)
 Metaspace       used 94084K, capacity 97353K, committed 97656K, reserved 1134592K
  class space    used 12310K, capacity 13464K, committed 13516K, reserved 1048576K
}
Event: 109.144 GC heap before
{Heap before GC invocations=31 (full 0):
 garbage-first heap   total 194560K, used 161290K [0x00000000a0000000, 0x0000000100000000)
  region size 1024K, 44 young (45056K), 7 survivors (7168K)
 Metaspace       used 94304K, capacity 97597K, committed 97656K, reserved 1134592K
  class space    used 12340K, capacity 13482K, committed 13516K, reserved 1048576K
}
Event: 109.166 GC heap after
{Heap after GC invocations=32 (full 0):
 garbage-first heap   total 194560K, used 128819K [0x00000000a0000000, 0x0000000100000000)
  region size 1024K, 5 young (5120K), 5 survivors (5120K)
 Metaspace       used 94304K, capacity 97597K, committed 97656K, reserved 1134592K
  class space    used 12340K, capacity 13482K, committed 13516K, reserved 1048576K
}
Event: 113.259 GC heap before
{Heap before GC invocations=32 (full 0):
 garbage-first heap   total 194560K, used 162611K [0x00000000a0000000, 0x0000000100000000)
  region size 1024K, 39 young (39936K), 5 survivors (5120K)
 Metaspace       used 95966K, capacity 99292K, committed 99448K, reserved 1134592K
  class space    used 12538K, capacity 13715K, committed 13772K, reserved 1048576K
}
Event: 113.279 GC heap after
{Heap after GC invocations=33 (full 0):
 garbage-first heap   total 194560K, used 130778K [0x00000000a0000000, 0x0000000100000000)
  region size 1024K, 3 young (3072K), 3 survivors (3072K)
 Metaspace       used 95966K, capacity 99292K, committed 99448K, reserved 1134592K
  class space    used 12538K, capacity 13715K, committed 13772K, reserved 1048576K
}
Event: 116.064 GC heap before
{Heap before GC invocations=34 (full 0):
 garbage-first heap   total 194560K, used 193242K [0x00000000a0000000, 0x0000000100000000)
  region size 1024K, 13 young (13312K), 3 survivors (3072K)
 Metaspace       used 96895K, capacity 100133K, committed 100344K, reserved 1136640K
  class space    used 12665K, capacity 13804K, committed 13900K, reserved 1048576K
}
Event: 116.073 GC heap after
{Heap after GC invocations=35 (full 0):
 garbage-first heap   total 197632K, used 130943K [0x00000000a0000000, 0x0000000100000000)
  region size 1024K, 3 young (3072K), 3 survivors (3072K)
 Metaspace       used 96895K, capacity 100133K, committed 100344K, reserved 1136640K
  class space    used 12665K, capacity 13804K, committed 13900K, reserved 1048576K
}
Event: 116.127 GC heap before
{Heap before GC invocations=35 (full 0):
 garbage-first heap   total 197632K, used 136063K [0x00000000a0000000, 0x0000000100000000)
  region size 1024K, 9 young (9216K), 3 survivors (3072K)
 Metaspace       used 96895K, capacity 100133K, committed 100344K, reserved 1136640K
  class space    used 12665K, capacity 13804K, committed 13900K, reserved 1048576K
}
Event: 116.137 GC heap after
{Heap after GC invocations=36 (full 0):
 garbage-first heap   total 197632K, used 127982K [0x00000000a0000000, 0x0000000100000000)
  region size 1024K, 1 young (1024K), 1 survivors (1024K)
 Metaspace       used 96895K, capacity 100133K, committed 100344K, reserved 1136640K
  class space    used 12665K, capacity 13804K, committed 13900K, reserved 1048576K
}
Event: 116.252 GC heap before
{Heap before GC invocations=36 (full 0):
 garbage-first heap   total 197632K, used 136174K [0x00000000a0000000, 0x0000000100000000)
  region size 1024K, 11 young (11264K), 1 survivors (1024K)
 Metaspace       used 96976K, capacity 100265K, committed 100344K, reserved 1136640K
  class space    used 12675K, capacity 13869K, committed 13900K, reserved 1048576K
}
Event: 116.256 GC heap after
{Heap after GC invocations=37 (full 0):
 garbage-first heap   total 197632K, used 127816K [0x00000000a0000000, 0x0000000100000000)
  region size 1024K, 1 young (1024K), 1 survivors (1024K)
 Metaspace       used 96976K, capacity 100265K, committed 100344K, reserved 1136640K
  class space    used 12675K, capacity 13869K, committed 13900K, reserved 1048576K
}

